
Welcome to CakePHP v3.3.16 Console
---------------------------------------------------------------
App : src
Path: C:\xampp7.1\htdocs\openemis_core\src\
PHP : 7.3.6
---------------------------------------------------------------
Initialize Webhook Shell ...
Test
End Processing Webhook Shell

Welcome to CakePHP v3.3.16 Console
---------------------------------------------------------------
App : src
Path: C:\xampp7.1\htdocs\openemis_core\src\
PHP : 7.3.6
---------------------------------------------------------------
Initialize Webhook Shell ...
End Processing Webhook Shell

Welcome to CakePHP v3.3.16 Console
---------------------------------------------------------------
App : src
Path: C:\xampp7.1\htdocs\openemis_core\src\
PHP : 7.3.6
---------------------------------------------------------------
Initialize Webhook Shell ...
End Processing Webhook Shell
